<?xml version="1.0" encoding="UTF-8" ?>
<testsuite failures="0" time="33.162" errors="1" skipped="0" tests="12" name="com.tencent.business.ScanPayBusinessTest">
  <properties>
    <property name="idea.version" value="14.0.1"/>
    <property name="java.runtime.name" value="Java(TM) SE Runtime Environment"/>
    <property name="sun.boot.library.path" value="C:\Program Files (x86)\Java\jdk1.6.0_20\jre\bin"/>
    <property name="java.vm.version" value="16.3-b01"/>
    <property name="java.vm.vendor" value="Sun Microsystems Inc."/>
    <property name="java.vendor.url" value="http://java.sun.com/"/>
    <property name="path.separator" value=";"/>
    <property name="java.vm.name" value="Java HotSpot(TM) Client VM"/>
    <property name="file.encoding.pkg" value="sun.io"/>
    <property name="user.country" value="CN"/>
    <property name="sun.java.launcher" value="SUN_STANDARD"/>
    <property name="sun.os.patch.level" value="Service Pack 1"/>
    <property name="java.vm.specification.name" value="Java Virtual Machine Specification"/>
    <property name="user.dir" value="C:\MySVN\MyGit\wxpay_scanpay_java_demo_proj"/>
    <property name="java.runtime.version" value="1.6.0_20-b02"/>
    <property name="java.awt.graphicsenv" value="sun.awt.Win32GraphicsEnvironment"/>
    <property name="basedir" value="C:\MySVN\MyGit\wxpay_scanpay_java_demo_proj"/>
    <property name="java.endorsed.dirs" value="C:\Program Files (x86)\Java\jdk1.6.0_20\jre\lib\endorsed"/>
    <property name="os.arch" value="x86"/>
    <property name="surefire.real.class.path" value="C:\MySVN\MyGit\wxpay_scanpay_java_demo_proj\target\surefire\surefirebooter7023569568661258210.jar"/>
    <property name="java.io.tmpdir" value="C:\Users\rizenguo\AppData\Local\Temp\"/>
    <property name="line.separator" value="
"/>
    <property name="java.vm.specification.vendor" value="Sun Microsystems Inc."/>
    <property name="user.variant" value=""/>
    <property name="os.name" value="Windows 7"/>
    <property name="net.sourceforge.cobertura.datafile" value="target/cobertura/cobertura.ser"/>
    <property name="sun.jnu.encoding" value="GBK"/>
    <property name="java.library.path" value="C:\Program Files (x86)\Java\jdk1.6.0_20\jre\bin;.;C:\windows\Sun\Java\bin;C:\windows\system32;C:\windows;C:\RailsInstaller\Git\cmd;C:\RailsInstaller\Ruby1.9.3\bin;C:\Python33\;C:\Program Files (x86)\NVIDIA Corporation\PhysX\Common;C:\Program Files (x86)\Intel\iCLS Client\;C:\Program Files\Intel\iCLS Client\;C:\windows\system32;C:\windows;C:\windows\System32\Wbem;C:\windows\System32\WindowsPowerShell\v1.0\;C:\Program Files\Intel\Intel(R) Management Engine Components\DAL;C:\Program Files\Intel\Intel(R) Management Engine Components\IPT;C:\Program Files (x86)\Intel\Intel(R) Management Engine Components\DAL;C:\Program Files (x86)\Intel\Intel(R) Management Engine Components\IPT;C:\Program Files (x86)\Intel\OpenCL SDK\3.0\bin\x86;C:\Program Files (x86)\Intel\OpenCL SDK\3.0\bin\x64;C:\Program Files\TortoiseSVN\bin;C:\Program Files\nodejs\;C:\Program Files\apache-ant-1.9.4\bin;C:\Program Files (x86)\Calibre2\;C:\Program Files\VanDyke Software\Clients\;C:\cygwin64\bin;C:\Users\rizenguo\AppData\Roaming\npm;E:\android\adt-bundle-windows-x86_64-20130219\sdk\platform-tools;E:\android\adt-bundle-windows-x86_64-20130219\sdk\tools;C:\Program Files\Java\jdk1.7.0_51\bin;"/>
    <property name="surefire.test.class.path" value="C:\MySVN\MyGit\wxpay_scanpay_java_demo_proj\target\test-classes;C:\MySVN\MyGit\wxpay_scanpay_java_demo_proj\target\classes;C:\Users\rizenguo\.m2\repository\org\slf4j\slf4j-api\1.7.7\slf4j-api-1.7.7.jar;C:\Users\rizenguo\.m2\repository\org\slf4j\slf4j-simple\1.7.7\slf4j-simple-1.7.7.jar;C:\Users\rizenguo\.m2\repository\commons-logging\commons-logging\1.1.3\commons-logging-1.1.3.jar;C:\Users\rizenguo\.m2\repository\junit\junit\4.8.2\junit-4.8.2.jar;C:\Users\rizenguo\.m2\repository\commons-codec\commons-codec\1.6\commons-codec-1.6.jar;C:\Users\rizenguo\.m2\repository\org\apache\httpcomponents\fluent-hc\4.3.5\fluent-hc-4.3.5.jar;C:\Users\rizenguo\.m2\repository\org\apache\httpcomponents\httpclient\4.3.5\httpclient-4.3.5.jar;C:\Users\rizenguo\.m2\repository\org\apache\httpcomponents\httpclient-cache\4.3.5\httpclient-cache-4.3.5.jar;C:\Users\rizenguo\.m2\repository\org\apache\httpcomponents\httpcore\4.3.2\httpcore-4.3.2.jar;C:\Users\rizenguo\.m2\repository\org\apache\httpcomponents\httpmime\4.3.5\httpmime-4.3.5.jar;C:\Users\rizenguo\.m2\repository\xmlpull\xmlpull\1.1.3.1\xmlpull-1.1.3.1.jar;C:\Users\rizenguo\.m2\repository\xpp3\xpp3\1.1.4c\xpp3-1.1.4c.jar;C:\Users\rizenguo\.m2\repository\com\thoughtworks\xstream\xstream\1.4.7\xstream-1.4.7.jar;C:\Users\rizenguo\.m2\repository\xpp3\xpp3_min\1.1.4c\xpp3_min-1.1.4c.jar;C:\Users\rizenguo\.m2\repository\com\tencent\wxpay-scanpay-java-sdk\1.0.0\wxpay-scanpay-java-sdk-1.0.0.jar;"/>
    <property name="java.specification.name" value="Java Platform API Specification"/>
    <property name="java.class.version" value="50.0"/>
    <property name="sun.management.compiler" value="HotSpot Client Compiler"/>
    <property name="os.version" value="6.1"/>
    <property name="user.home" value="C:\Users\rizenguo"/>
    <property name="user.timezone" value="Asia/Shanghai"/>
    <property name="java.awt.printerjob" value="sun.awt.windows.WPrinterJob"/>
    <property name="java.specification.version" value="1.6"/>
    <property name="file.encoding" value="UTF-8"/>
    <property name="user.name" value="rizenguo"/>
    <property name="java.class.path" value="C:\MySVN\MyGit\wxpay_scanpay_java_demo_proj\target\test-classes;C:\MySVN\MyGit\wxpay_scanpay_java_demo_proj\target\classes;C:\Users\rizenguo\.m2\repository\org\slf4j\slf4j-api\1.7.7\slf4j-api-1.7.7.jar;C:\Users\rizenguo\.m2\repository\org\slf4j\slf4j-simple\1.7.7\slf4j-simple-1.7.7.jar;C:\Users\rizenguo\.m2\repository\commons-logging\commons-logging\1.1.3\commons-logging-1.1.3.jar;C:\Users\rizenguo\.m2\repository\junit\junit\4.8.2\junit-4.8.2.jar;C:\Users\rizenguo\.m2\repository\commons-codec\commons-codec\1.6\commons-codec-1.6.jar;C:\Users\rizenguo\.m2\repository\org\apache\httpcomponents\fluent-hc\4.3.5\fluent-hc-4.3.5.jar;C:\Users\rizenguo\.m2\repository\org\apache\httpcomponents\httpclient\4.3.5\httpclient-4.3.5.jar;C:\Users\rizenguo\.m2\repository\org\apache\httpcomponents\httpclient-cache\4.3.5\httpclient-cache-4.3.5.jar;C:\Users\rizenguo\.m2\repository\org\apache\httpcomponents\httpcore\4.3.2\httpcore-4.3.2.jar;C:\Users\rizenguo\.m2\repository\org\apache\httpcomponents\httpmime\4.3.5\httpmime-4.3.5.jar;C:\Users\rizenguo\.m2\repository\xmlpull\xmlpull\1.1.3.1\xmlpull-1.1.3.1.jar;C:\Users\rizenguo\.m2\repository\xpp3\xpp3\1.1.4c\xpp3-1.1.4c.jar;C:\Users\rizenguo\.m2\repository\com\thoughtworks\xstream\xstream\1.4.7\xstream-1.4.7.jar;C:\Users\rizenguo\.m2\repository\xpp3\xpp3_min\1.1.4c\xpp3_min-1.1.4c.jar;C:\Users\rizenguo\.m2\repository\com\tencent\wxpay-scanpay-java-sdk\1.0.0\wxpay-scanpay-java-sdk-1.0.0.jar;"/>
    <property name="java.vm.specification.version" value="1.0"/>
    <property name="sun.arch.data.model" value="32"/>
    <property name="java.home" value="C:\Program Files (x86)\Java\jdk1.6.0_20\jre"/>
    <property name="java.specification.vendor" value="Sun Microsystems Inc."/>
    <property name="user.language" value="zh"/>
    <property name="awt.toolkit" value="sun.awt.windows.WToolkit"/>
    <property name="java.vm.info" value="mixed mode, sharing"/>
    <property name="java.version" value="1.6.0_20"/>
    <property name="java.ext.dirs" value="C:\Program Files (x86)\Java\jdk1.6.0_20\jre\lib\ext;C:\windows\Sun\Java\lib\ext"/>
    <property name="sun.boot.class.path" value="C:\Program Files (x86)\Java\jdk1.6.0_20\jre\lib\resources.jar;C:\Program Files (x86)\Java\jdk1.6.0_20\jre\lib\rt.jar;C:\Program Files (x86)\Java\jdk1.6.0_20\jre\lib\sunrsasign.jar;C:\Program Files (x86)\Java\jdk1.6.0_20\jre\lib\jsse.jar;C:\Program Files (x86)\Java\jdk1.6.0_20\jre\lib\jce.jar;C:\Program Files (x86)\Java\jdk1.6.0_20\jre\lib\charsets.jar;C:\Program Files (x86)\Java\jdk1.6.0_20\jre\classes"/>
    <property name="java.vendor" value="Sun Microsystems Inc."/>
    <property name="localRepository" value="C:\Users\rizenguo\.m2\repository"/>
    <property name="file.separator" value="\"/>
    <property name="java.vendor.url.bug" value="http://java.sun.com/cgi-bin/bugreport.cgi"/>
    <property name="sun.cpu.endian" value="little"/>
    <property name="sun.io.unicode.encoding" value="UnicodeLittle"/>
    <property name="sun.desktop" value="windows"/>
    <property name="sun.cpu.isalist" value="pentium_pro+mmx pentium_pro pentium+mmx pentium i486 i386 i86"/>
  </properties>
  <testcase time="0.028" classname="com.tencent.business.ScanPayBusinessTest" name="testCase1"/>
  <testcase time="0.198" classname="com.tencent.business.ScanPayBusinessTest" name="testCase2"/>
  <testcase time="0.027" classname="com.tencent.business.ScanPayBusinessTest" name="testCase3"/>
  <testcase time="6.319" classname="com.tencent.business.ScanPayBusinessTest" name="testCase4"/>
  <testcase time="5.899" classname="com.tencent.business.ScanPayBusinessTest" name="testCase5"/>
  <testcase time="5.491" classname="com.tencent.business.ScanPayBusinessTest" name="testCase6"/>
  <testcase time="5.031" classname="com.tencent.business.ScanPayBusinessTest" name="testCase7"/>
  <testcase time="5.041" classname="com.tencent.business.ScanPayBusinessTest" name="testCase8"/>
  <testcase time="0.02" classname="com.tencent.business.ScanPayBusinessTest" name="testCase10"/>
  <testcase time="5.031" classname="com.tencent.business.ScanPayBusinessTest" name="testCase11"/>
  <testcase time="0.017" classname="com.tencent.business.ScanPayBusinessTest" name="testGetCouponDataFromPayQueryString"/>
  <testcase time="0.01" classname="com.tencent.business.ScanPayBusinessTest" name="testGetSignature">
    <error type="java.lang.NullPointerException">java.lang.NullPointerException
	at com.tencent.common.Util.inputStreamToString(Util.java:53)
	at com.tencent.common.Util.getLocalXMLString(Util.java:115)
	at com.tencent.business.ScanPayBusinessTest.testGetSignature(ScanPayBusinessTest.java:256)
	at sun.reflect.NativeMethodAccessorImpl.invoke0(Native Method)
	at sun.reflect.NativeMethodAccessorImpl.invoke(NativeMethodAccessorImpl.java:39)
	at sun.reflect.DelegatingMethodAccessorImpl.invoke(DelegatingMethodAccessorImpl.java:25)
	at java.lang.reflect.Method.invoke(Method.java:597)
	at org.junit.runners.model.FrameworkMethod$1.runReflectiveCall(FrameworkMethod.java:44)
	at org.junit.internal.runners.model.ReflectiveCallable.run(ReflectiveCallable.java:15)
	at org.junit.runners.model.FrameworkMethod.invokeExplosively(FrameworkMethod.java:41)
	at org.junit.internal.runners.statements.InvokeMethod.evaluate(InvokeMethod.java:20)
	at org.junit.internal.runners.statements.RunBefores.evaluate(RunBefores.java:28)
	at org.junit.internal.runners.statements.RunAfters.evaluate(RunAfters.java:31)
	at org.junit.runners.BlockJUnit4ClassRunner.runNotIgnored(BlockJUnit4ClassRunner.java:79)
	at org.junit.runners.BlockJUnit4ClassRunner.runChild(BlockJUnit4ClassRunner.java:71)
	at org.junit.runners.BlockJUnit4ClassRunner.runChild(BlockJUnit4ClassRunner.java:49)
	at org.junit.runners.ParentRunner$3.run(ParentRunner.java:193)
	at org.junit.runners.ParentRunner$1.schedule(ParentRunner.java:52)
	at org.junit.runners.ParentRunner.runChildren(ParentRunner.java:191)
	at org.junit.runners.ParentRunner.access$000(ParentRunner.java:42)
	at org.junit.runners.ParentRunner$2.evaluate(ParentRunner.java:184)
	at org.junit.internal.runners.statements.RunBefores.evaluate(RunBefores.java:28)
	at org.junit.runners.ParentRunner.run(ParentRunner.java:236)
	at org.apache.maven.surefire.junit4.JUnit4TestSet.execute(JUnit4TestSet.java:35)
	at org.apache.maven.surefire.junit4.JUnit4Provider.executeTestSet(JUnit4Provider.java:115)
	at org.apache.maven.surefire.junit4.JUnit4Provider.invoke(JUnit4Provider.java:97)
	at sun.reflect.NativeMethodAccessorImpl.invoke0(Native Method)
	at sun.reflect.NativeMethodAccessorImpl.invoke(NativeMethodAccessorImpl.java:39)
	at sun.reflect.DelegatingMethodAccessorImpl.invoke(DelegatingMethodAccessorImpl.java:25)
	at java.lang.reflect.Method.invoke(Method.java:597)
	at org.apache.maven.surefire.booter.ProviderFactory$ClassLoaderProxy.invoke(ProviderFactory.java:103)
	at $Proxy0.invoke(Unknown Source)
	at org.apache.maven.surefire.booter.SurefireStarter.invokeProvider(SurefireStarter.java:150)
	at org.apache.maven.surefire.booter.SurefireStarter.runSuitesInProcess(SurefireStarter.java:91)
	at org.apache.maven.surefire.booter.ForkedBooter.main(ForkedBooter.java:69)
</error>
  </testcase>
</testsuite>